# JRE version: Java(TM) SE Runtime Environment (8.0_181-b13) (build 1.8.0_181-b13)
# Java VM: Java HotSpot(TM) 64-Bit Server VM (25.181-b13 mixed mode windows-amd64 compressed oops)
Heap:
 PSYoungGen      total 242176K, used 91290K [0x000000076b180000, 0x000000077ec80000, 0x00000007c0000000)
  eden space 169472K, 10% used [0x000000076b180000,0x000000076c3aa030,0x0000000775700000)
  from space 72704K, 99% used [0x0000000775700000,0x0000000779dfc818,0x0000000779e00000)
  to   space 68608K, 0% used [0x0000000779e00000,0x0000000779e00000,0x000000077e100000)
 ParOldGen       total 143872K, used 40512K [0x00000006c1400000, 0x00000006ca080000, 0x000000076b180000)
  object space 143872K, 28% used [0x00000006c1400000,0x00000006c3b90010,0x00000006ca080000)
 Metaspace       used 28974K, capacity 29832K, committed 30080K, reserved 1075200K
  class space    used 3228K, capacity 3443K, committed 3456K, reserved 1048576K
GC Heap History (10 events):
Event: 39.573 GC heap before
{Heap before GC invocations=16 (full 1):
 PSYoungGen      total 173568K, used 166552K [0x000000076b180000, 0x0000000779800000, 0x00000007c0000000)
  eden space 122368K, 100% used [0x000000076b180000,0x0000000772900000,0x0000000772900000)
  from space 51200K, 86% used [0x0000000775f00000,0x0000000778a26270,0x0000000779100000)
  to   space 55296K, 0% used [0x0000000772900000,0x0000000772900000,0x0000000775f00000)
 ParOldGen       total 143872K, used 34918K [0x00000006c1400000, 0x00000006ca080000, 0x000000076b180000)
  object space 143872K, 24% used [0x00000006c1400000,0x00000006c36198d8,0x00000006ca080000)
 Metaspace       used 27205K, capacity 28130K, committed 28416K, reserved 1075200K
  class space    used 3061K, capacity 3302K, committed 3328K, reserved 1048576K
Event: 39.592 GC heap after
Heap after GC invocations=16 (full 1):
 PSYoungGen      total 177664K, used 43605K [0x000000076b180000, 0x000000077ba00000, 0x00000007c0000000)
  eden space 122368K, 0% used [0x000000076b180000,0x000000076b180000,0x0000000772900000)
  from space 55296K, 78% used [0x0000000772900000,0x0000000775395690,0x0000000775f00000)
  to   space 58880K, 0% used [0x0000000778080000,0x0000000778080000,0x000000077ba00000)
 ParOldGen       total 143872K, used 34926K [0x00000006c1400000, 0x00000006ca080000, 0x000000076b180000)
  object space 143872K, 24% used [0x00000006c1400000,0x00000006c361b8d8,0x00000006ca080000)
 Metaspace       used 27205K, capacity 28130K, committed 28416K, reserved 1075200K
  class space    used 3061K, capacity 3302K, committed 3328K, reserved 1048576K
}
Event: 42.043 GC heap before
{Heap before GC invocations=17 (full 1):
 PSYoungGen      total 177664K, used 165973K [0x000000076b180000, 0x000000077ba00000, 0x00000007c0000000)
  eden space 122368K, 100% used [0x000000076b180000,0x0000000772900000,0x0000000772900000)
  from space 55296K, 78% used [0x0000000772900000,0x0000000775395690,0x0000000775f00000)
  to   space 58880K, 0% used [0x0000000778080000,0x0000000778080000,0x000000077ba00000)
 ParOldGen       total 143872K, used 34926K [0x00000006c1400000, 0x00000006ca080000, 0x000000076b180000)
  object space 143872K, 24% used [0x00000006c1400000,0x00000006c361b8d8,0x00000006ca080000)
 Metaspace       used 27262K, capacity 28200K, committed 28416K, reserved 1075200K
  class space    used 3064K, capacity 3303K, committed 3328K, reserved 1048576K
Event: 42.064 GC heap after
Heap after GC invocations=17 (full 1):
 PSYoungGen      total 209408K, used 45116K [0x000000076b180000, 0x000000077bd80000, 0x00000007c0000000)
  eden space 150528K, 0% used [0x000000076b180000,0x000000076b180000,0x0000000774480000)
  from space 58880K, 76% used [0x0000000778080000,0x000000077ac8f150,0x000000077ba00000)
  to   space 61440K, 0% used [0x0000000774480000,0x0000000774480000,0x0000000778080000)
 ParOldGen       total 143872K, used 34934K [0x00000006c1400000, 0x00000006ca080000, 0x000000076b180000)
  object space 143872K, 24% used [0x00000006c1400000,0x00000006c361d8d8,0x00000006ca080000)
 Metaspace       used 27262K, capacity 28200K, committed 28416K, reserved 1075200K
  class space    used 3064K, capacity 3303K, committed 3328K, reserved 1048576K
}
Event: 44.628 GC heap before
{Heap before GC invocations=18 (full 1):
 PSYoungGen      total 209408K, used 195644K [0x000000076b180000, 0x000000077bd80000, 0x00000007c0000000)
  eden space 150528K, 100% used [0x000000076b180000,0x0000000774480000,0x0000000774480000)
  from space 58880K, 76% used [0x0000000778080000,0x000000077ac8f150,0x000000077ba00000)
  to   space 61440K, 0% used [0x0000000774480000,0x0000000774480000,0x0000000778080000)
 ParOldGen       total 143872K, used 34934K [0x00000006c1400000, 0x00000006ca080000, 0x000000076b180000)
  object space 143872K, 24% used [0x00000006c1400000,0x00000006c361d8d8,0x00000006ca080000)
 Metaspace       used 27280K, capacity 28200K, committed 28416K, reserved 1075200K
  class space    used 3064K, capacity 3303K, committed 3328K, reserved 1048576K
Event: 44.651 GC heap after
Heap after GC invocations=18 (full 1):
 PSYoungGen      total 211968K, used 58224K [0x000000076b180000, 0x000000077e100000, 0x00000007c0000000)
  eden space 150528K, 0% used [0x000000076b180000,0x000000076b180000,0x0000000774480000)
  from space 61440K, 94% used [0x0000000774480000,0x0000000777d5c240,0x0000000778080000)
  to   space 68608K, 0% used [0x0000000779e00000,0x0000000779e00000,0x000000077e100000)
 ParOldGen       total 143872K, used 34942K [0x00000006c1400000, 0x00000006ca080000, 0x000000076b180000)
  object space 143872K, 24% used [0x00000006c1400000,0x00000006c361f8d8,0x00000006ca080000)
 Metaspace       used 27280K, capacity 28200K, committed 28416K, reserved 1075200K
  class space    used 3064K, capacity 3303K, committed 3328K, reserved 1048576K
}
Event: 45.681 GC heap before
{Heap before GC invocations=19 (full 1):
 PSYoungGen      total 211968K, used 208752K [0x000000076b180000, 0x000000077e100000, 0x00000007c0000000)
  eden space 150528K, 100% used [0x000000076b180000,0x0000000774480000,0x0000000774480000)
  from space 61440K, 94% used [0x0000000774480000,0x0000000777d5c240,0x0000000778080000)
  to   space 68608K, 0% used [0x0000000779e00000,0x0000000779e00000,0x000000077e100000)
 ParOldGen       total 143872K, used 34942K [0x00000006c1400000, 0x00000006ca080000, 0x000000076b180000)
  object space 143872K, 24% used [0x00000006c1400000,0x00000006c361f8d8,0x00000006ca080000)
 Metaspace       used 27516K, capacity 28424K, committed 28800K, reserved 1075200K
  class space    used 3089K, capacity 3335K, committed 3456K, reserved 1048576K
Event: 45.705 GC heap after
Heap after GC invocations=19 (full 1):
 PSYoungGen      total 238080K, used 53392K [0x000000076b180000, 0x000000077ec80000, 0x00000007c0000000)
  eden space 169472K, 0% used [0x000000076b180000,0x000000076b180000,0x0000000775700000)
  from space 68608K, 77% used [0x0000000779e00000,0x000000077d2242f8,0x000000077e100000)
  to   space 72704K, 0% used [0x0000000775700000,0x0000000775700000,0x0000000779e00000)
 ParOldGen       total 143872K, used 34950K [0x00000006c1400000, 0x00000006ca080000, 0x000000076b180000)
  object space 143872K, 24% used [0x00000006c1400000,0x00000006c36218d8,0x00000006ca080000)
 Metaspace       used 27516K, capacity 28424K, committed 28800K, reserved 1075200K
  class space    used 3089K, capacity 3335K, committed 3456K, reserved 1048576K
}
Event: 51.407 GC heap before
{Heap before GC invocations=20 (full 1):
 PSYoungGen      total 238080K, used 222864K [0x000000076b180000, 0x000000077ec80000, 0x00000007c0000000)
  eden space 169472K, 100% used [0x000000076b180000,0x0000000775700000,0x0000000775700000)
  from space 68608K, 77% used [0x0000000779e00000,0x000000077d2242f8,0x000000077e100000)
  to   space 72704K, 0% used [0x0000000775700000,0x0000000775700000,0x0000000779e00000)
 ParOldGen       total 143872K, used 34950K [0x00000006c1400000, 0x00000006ca080000, 0x000000076b180000)
  object space 143872K, 24% used [0x00000006c1400000,0x00000006c36218d8,0x00000006ca080000)
 Metaspace       used 28898K, capacity 29768K, committed 29824K, reserved 1075200K
  class space    used 3226K, capacity 3443K, committed 3456K, reserved 1048576K
Event: 51.470 GC heap after
Heap after GC invocations=20 (full 1):
 PSYoungGen      total 242176K, used 72690K [0x000000076b180000, 0x000000077ec80000, 0x00000007c0000000)
  eden space 169472K, 0% used [0x000000076b180000,0x000000076b180000,0x0000000775700000)
  from space 72704K, 99% used [0x0000000775700000,0x0000000779dfc818,0x0000000779e00000)
  to   space 68608K, 0% used [0x0000000779e00000,0x0000000779e00000,0x000000077e100000)
 ParOldGen       total 143872K, used 40512K [0x00000006c1400000, 0x00000006ca080000, 0x000000076b180000)
  object space 143872K, 28% used [0x00000006c1400000,0x00000006c3b90010,0x00000006ca080000)
 Metaspace       used 28898K, capacity 29768K, committed 29824K, reserved 1075200K
  class space    used 3226K, capacity 3443K, committed 3456K, reserved 1048576K
}

